3
kradness(くらっどねす)
65
0
sm26849449
sm26835376
sm26770369
sm26098871
sm25689016
sm25645503
sm25620189
sm25563745
sm25091666
sm25091605
sm24505955
sm23926981
sm23194570
sm23055296
sm22932254
sm22788209
sm22349109
sm22314348
sm21819505
sm21660615
sm21506861
sm21402937
sm21338037
sm21267775
sm21242341
sm20827581
sm20700385
sm20668824
sm20628953
sm20520141
sm20456342
sm20423774
sm20370353
sm20126944
sm20041412
sm19578374
sm19524553
sm19495028
sm19404281
sm19279707
sm18973270
sm18666119
sm18633190
sm18528010
sm18055882
sm18031848
sm17975270
sm17963496
sm17883266
sm17737374
sm17554753
sm17509015
sm16976586
sm16959519
sm16731640
sm16496302
sm16062048
sm15887320
sm15768089
sm15623524
sm15389984
sm15193817
sm15064409
sm14304239
sm14103594
ぐるたみん
42
0
sm26313754
sm26145610
sm26047969
sm25705466
sm25496096
sm25451399
sm23129244
sm23076431
sm22988008
sm21928147
sm21520436
sm20216987
sm19511219
sm19109957
sm18449991
sm17988609
sm17495362
sm16530731
sm16334717
sm16293609
sm16011082
sm15613049
sm15415534
sm15286678
sm15153934
sm15137937
sm15040870
sm14282144
sm14159744
sm14021360
sm13696241
sm12848502
sm11729204
sm11248146
sm10643047
sm10336273
sm10178819
sm9885792
sm9870331
sm9659392
sm8719565
sm7250972
りぶ
55
0
sm25673221
sm25390418
sm25375800
sm25052990
sm24775993
sm24409321
sm23619078
sm23222558
sm22987299
sm22904878
sm22626672
sm22583397
sm22491765
sm22282792
sm21805210
sm21766184
sm21519879
sm21487574
sm21078302
sm20076152
sm19042123
sm18878860
sm18821930
sm18620096
sm18520345
sm18314559
sm18112226
sm17965705
sm17689305
sm17209641
sm17077476
sm16865947
sm16633044
sm16352418
sm15971140
sm15454782
sm15059450
sm14800650
sm14746499
sm14534606
sm14348373
sm14015670
sm13999731
sm13141547
sm12651292
sm12635349
sm12000314
sm11803576
sm11510778
sm11240398
sm11199358
sm11027555
sm10930289
sm10823777
sm10813314
